app/build/intermediates/manifest_merge_blame_file/debug/manifest-merger-blame-debug-report.txt
1<?xml version="1.0" encoding="utf-8"?>
2<manifest xmlns:android="http://schemas.android.com/apk/res/android"
3    package="com.example.gmp.exdbproject"
4    android:versionCode="1"
5    android:versionName="1.0" >
6
7    <uses-sdk
8        android:minSdkVersion="15"
8-->src\main\AndroidManifest.xml
9        android:targetSdkVersion="28" />
9-->src\main\AndroidManifest.xml
10
11    <uses-permission android:name="android.permission.INTERNET" />
11-->src\main\AndroidManifest.xml:5:5-67
11-->src\main\AndroidManifest.xml:5:22-64
12    <uses-permission android:name="android.permission.BLUETOOTH" />
12-->src\main\AndroidManifest.xml:6:5-68
12-->src\main\AndroidManifest.xml:6:22-65
13    <uses-permission android:name="android.permission.BLUETOOTH_ADMIN" />
13-->src\main\AndroidManifest.xml:7:5-74
13-->src\main\AndroidManifest.xml:7:22-71
14    <uses-permission android:name="android.permission.ACCESS_FINE_LOCATION" />
14-->src\main\AndroidManifest.xml:8:5-79
14-->src\main\AndroidManifest.xml:8:22-76
15    <uses-permission android:name="android.permission.ACCESS_COARSE_LOCATION" />
15-->src\main\AndroidManifest.xml:9:5-80
15-->src\main\AndroidManifest.xml:9:22-78
16    <uses-permission android:name="android.permission.ACCESS_NETWORK_STATE" />
16-->src\main\AndroidManifest.xml:10:5-78
16-->src\main\AndroidManifest.xml:10:22-76
17
18    <uses-feature
18-->[com.google.android.gms:play-services-maps:15.0.0] AndroidManifest.xml:26:5-28:35
19        android:glEsVersion="0x00020000"
19-->[com.google.android.gms:play-services-maps:15.0.0] AndroidManifest.xml:27:9-41
20        android:required="true" />
20-->[com.google.android.gms:play-services-maps:15.0.0] AndroidManifest.xml:28:9-32
21
22    <uses-permission android:name="android.permission.WAKE_LOCK" />
22-->[com.google.firebase:firebase-measurement-connector-impl:17.0.3] AndroidManifest.xml:24:5-68
22-->[com.google.firebase:firebase-measurement-connector-impl:17.0.3] AndroidManifest.xml:24:22-65
23    <uses-permission android:name="com.google.android.finsky.permission.BIND_GET_INSTALL_REFERRER_SERVICE" /> <!-- Required by older versions of Google Play services to create IID tokens -->
23-->[com.google.firebase:firebase-analytics:16.0.5] AndroidManifest.xml:26:5-110
23-->[com.google.firebase:firebase-analytics:16.0.5] AndroidManifest.xml:26:22-107
24    <uses-permission android:name="com.google.android.c2dm.permission.RECEIVE" />
24-->[com.google.firebase:firebase-iid:17.0.3] AndroidManifest.xml:26:5-82
24-->[com.google.firebase:firebase-iid:17.0.3] AndroidManifest.xml:26:22-79
25    <uses-permission android:name="android.permission.WRITE_EXTERNAL_STORAGE" />
26    <uses-permission android:name="android.permission.READ_PHONE_STATE" />
27    <uses-permission android:name="android.permission.READ_EXTERNAL_STORAGE" />
28
29    <application
29-->src\main\AndroidManifest.xml:13:5-35:19
30        android:allowBackup="true"
30-->src\main\AndroidManifest.xml:15:9-35
31        android:appComponentFactory="androidx.core.app.CoreComponentFactory"
31-->[androidx.core:core:1.1.0] AndroidManifest.xml:24:18-86
32        android:debuggable="true"
33        android:icon="@mipmap/ic_launcher"
33-->src\main\AndroidManifest.xml:16:9-43
34        android:label="@string/app_name"
34-->src\main\AndroidManifest.xml:17:9-41
35        android:roundIcon="@mipmap/ic_launcher_round"
35-->src\main\AndroidManifest.xml:18:9-54
36        android:supportsRtl="true"
36-->src\main\AndroidManifest.xml:19:9-35
37        android:testOnly="true"
38        android:theme="@style/AppTheme" >
38-->src\main\AndroidManifest.xml:20:9-40
39        <activity android:name="com.example.gmp.exdbproject.MainActivity" >
39-->src\main\AndroidManifest.xml:21:9-27:20
39-->src\main\AndroidManifest.xml:21:19-47
40            <intent-filter>
40-->src\main\AndroidManifest.xml:22:13-26:29
41                <action android:name="android.intent.action.MAIN" />
41-->src\main\AndroidManifest.xml:23:17-69
41-->src\main\AndroidManifest.xml:23:25-66
42
43                <category android:name="android.intent.category.LAUNCHER" />
43-->src\main\AndroidManifest.xml:25:17-77
43-->src\main\AndroidManifest.xml:25:27-74
44            </intent-filter>
45        </activity>
46        <activity android:name="com.example.gmp.exdbproject.SelectView" />
46-->src\main\AndroidManifest.xml:28:9-57
46-->src\main\AndroidManifest.xml:28:19-45
47        <activity android:name="com.example.gmp.exdbproject.GoogleMapEx" />
47-->src\main\AndroidManifest.xml:29:9-58
47-->src\main\AndroidManifest.xml:29:19-46
48        <activity android:name="com.example.gmp.exdbproject.LEDView" />
48-->src\main\AndroidManifest.xml:30:9-54
48-->src\main\AndroidManifest.xml:30:19-42
49        <activity android:name="com.example.gmp.exdbproject.DangerinfoView" />
49-->src\main\AndroidManifest.xml:31:9-61
49-->src\main\AndroidManifest.xml:31:19-49
50
51        <meta-data
51-->src\main\AndroidManifest.xml:32:9-34:70
52            android:name="com.google.android.geo.API_KEY"
52-->src\main\AndroidManifest.xml:33:13-58
53            android:value="AIzaSyAol3uTqhmiGQdH_NNfool4RMA117Dqtik" />
53-->src\main\AndroidManifest.xml:34:13-68
54
55        <service
55-->[com.google.firebase:firebase-measurement-connector-impl:17.0.3] AndroidManifest.xml:27:9-31:19
56            android:name="com.google.firebase.components.ComponentDiscoveryService"
56-->[com.google.firebase:firebase-measurement-connector-impl:17.0.3] AndroidManifest.xml:27:18-89
57            android:exported="false" >
57-->[com.google.firebase:firebase-iid:17.0.3] AndroidManifest.xml:31:13-37
58            <meta-data
58-->[com.google.firebase:firebase-measurement-connector-impl:17.0.3] AndroidManifest.xml:28:13-30:85
59                android:name="com.google.firebase.components:com.google.firebase.analytics.connector.internal.AnalyticsConnectorRegistrar"
59-->[com.google.firebase:firebase-measurement-connector-impl:17.0.3] AndroidManifest.xml:29:17-139
60                android:value="com.google.firebase.components.ComponentRegistrar" />
60-->[com.google.firebase:firebase-measurement-connector-impl:17.0.3] AndroidManifest.xml:30:17-82
61            <meta-data
61-->[com.google.firebase:firebase-iid:17.0.3] AndroidManifest.xml:32:13-34:85
62                android:name="com.google.firebase.components:com.google.firebase.iid.Registrar"
62-->[com.google.firebase:firebase-iid:17.0.3] AndroidManifest.xml:33:17-96
63                android:value="com.google.firebase.components.ComponentRegistrar" />
63-->[com.google.firebase:firebase-iid:17.0.3] AndroidManifest.xml:34:17-82
64        </service>
65
66        <receiver
66-->[com.google.firebase:firebase-analytics:16.0.5] AndroidManifest.xml:29:9-33:20
67            android:name="com.google.android.gms.measurement.AppMeasurementReceiver"
67-->[com.google.firebase:firebase-analytics:16.0.5] AndroidManifest.xml:30:13-85
68            android:enabled="true"
68-->[com.google.firebase:firebase-analytics:16.0.5] AndroidManifest.xml:31:13-35
69            android:exported="false" >
69-->[com.google.firebase:firebase-analytics:16.0.5] AndroidManifest.xml:32:13-37
70        </receiver>
71        <receiver
71-->[com.google.firebase:firebase-analytics:16.0.5] AndroidManifest.xml:34:9-42:20
72            android:name="com.google.android.gms.measurement.AppMeasurementInstallReferrerReceiver"
72-->[com.google.firebase:firebase-analytics:16.0.5] AndroidManifest.xml:35:13-100
73            android:enabled="true"
73-->[com.google.firebase:firebase-analytics:16.0.5] AndroidManifest.xml:36:13-35
74            android:exported="true"
74-->[com.google.firebase:firebase-analytics:16.0.5] AndroidManifest.xml:37:13-36
75            android:permission="android.permission.INSTALL_PACKAGES" >
75-->[com.google.firebase:firebase-analytics:16.0.5] AndroidManifest.xml:38:13-69
76            <intent-filter>
76-->[com.google.firebase:firebase-analytics:16.0.5] AndroidManifest.xml:39:13-41:29
77                <action android:name="com.android.vending.INSTALL_REFERRER" />
77-->[com.google.firebase:firebase-analytics:16.0.5] AndroidManifest.xml:40:17-79
77-->[com.google.firebase:firebase-analytics:16.0.5] AndroidManifest.xml:40:25-76
78            </intent-filter>
79        </receiver>
80
81        <service
81-->[com.google.firebase:firebase-analytics:16.0.5] AndroidManifest.xml:44:9-47:40
82            android:name="com.google.android.gms.measurement.AppMeasurementService"
82-->[com.google.firebase:firebase-analytics:16.0.5] AndroidManifest.xml:45:13-84
83            android:enabled="true"
83-->[com.google.firebase:firebase-analytics:16.0.5] AndroidManifest.xml:46:13-35
84            android:exported="false" />
84-->[com.google.firebase:firebase-analytics:16.0.5] AndroidManifest.xml:47:13-37
85        <service
85-->[com.google.firebase:firebase-analytics:16.0.5] AndroidManifest.xml:48:9-52:72
86            android:name="com.google.android.gms.measurement.AppMeasurementJobService"
86-->[com.google.firebase:firebase-analytics:16.0.5] AndroidManifest.xml:49:13-87
87            android:enabled="true"
87-->[com.google.firebase:firebase-analytics:16.0.5] AndroidManifest.xml:50:13-35
88            android:exported="false"
88-->[com.google.firebase:firebase-analytics:16.0.5] AndroidManifest.xml:51:13-37
89            android:permission="android.permission.BIND_JOB_SERVICE" />
89-->[com.google.firebase:firebase-analytics:16.0.5] AndroidManifest.xml:52:13-69
90
91        <receiver
91-->[com.google.firebase:firebase-iid:17.0.3] AndroidManifest.xml:37:9-44:20
92            android:name="com.google.firebase.iid.FirebaseInstanceIdReceiver"
92-->[com.google.firebase:firebase-iid:17.0.3] AndroidManifest.xml:38:13-78
93            android:exported="true"
93-->[com.google.firebase:firebase-iid:17.0.3] AndroidManifest.xml:39:13-36
94            android:permission="com.google.android.c2dm.permission.SEND" >
94-->[com.google.firebase:firebase-iid:17.0.3] AndroidManifest.xml:40:13-73
95            <intent-filter>
95-->[com.google.firebase:firebase-iid:17.0.3] AndroidManifest.xml:41:13-43:29
96                <action android:name="com.google.android.c2dm.intent.RECEIVE" />
96-->[com.google.firebase:firebase-iid:17.0.3] AndroidManifest.xml:42:17-81
96-->[com.google.firebase:firebase-iid:17.0.3] AndroidManifest.xml:42:25-78
97            </intent-filter>
98        </receiver>
99        <!--
100             FirebaseInstanceIdService performs security checks at runtime,
101             no need for explicit permissions despite exported="true"
102        -->
103        <service
103-->[com.google.firebase:firebase-iid:17.0.3] AndroidManifest.xml:50:9-56:19
104            android:name="com.google.firebase.iid.FirebaseInstanceIdService"
104-->[com.google.firebase:firebase-iid:17.0.3] AndroidManifest.xml:51:13-77
105            android:exported="true" >
105-->[com.google.firebase:firebase-iid:17.0.3] AndroidManifest.xml:52:13-36
106            <intent-filter android:priority="-500" >
106-->[com.google.firebase:firebase-iid:17.0.3] AndroidManifest.xml:53:13-55:29
106-->[com.google.firebase:firebase-iid:17.0.3] AndroidManifest.xml:53:28-51
107                <action android:name="com.google.firebase.INSTANCE_ID_EVENT" />
107-->[com.google.firebase:firebase-iid:17.0.3] AndroidManifest.xml:54:17-80
107-->[com.google.firebase:firebase-iid:17.0.3] AndroidManifest.xml:54:25-77
108            </intent-filter>
109        </service>
110
111        <activity
111-->[com.google.android.gms:play-services-base:16.0.1] AndroidManifest.xml:23:9-26:75
112            android:name="com.google.android.gms.common.api.GoogleApiActivity"
112-->[com.google.android.gms:play-services-base:16.0.1] AndroidManifest.xml:24:13-79
113            android:exported="false"
113-->[com.google.android.gms:play-services-base:16.0.1] AndroidManifest.xml:25:13-37
114            android:theme="@android:style/Theme.Translucent.NoTitleBar" />
114-->[com.google.android.gms:play-services-base:16.0.1] AndroidManifest.xml:26:13-72
115
116        <provider
116-->[com.google.firebase:firebase-common:16.0.4] AndroidManifest.xml:10:9-14:39
117            android:name="com.google.firebase.provider.FirebaseInitProvider"
117-->[com.google.firebase:firebase-common:16.0.4] AndroidManifest.xml:11:13-77
118            android:authorities="com.example.gmp.exdbproject.firebaseinitprovider"
118-->[com.google.firebase:firebase-common:16.0.4] AndroidManifest.xml:12:13-72
119            android:exported="false"
119-->[com.google.firebase:firebase-common:16.0.4] AndroidManifest.xml:13:13-37
120            android:initOrder="100" />
120-->[com.google.firebase:firebase-common:16.0.4] AndroidManifest.xml:14:13-36
121
122        <meta-data
122-->[com.google.android.gms:play-services-basement:16.0.1] AndroidManifest.xml:23:9-25:69
123            android:name="com.google.android.gms.version"
123-->[com.google.android.gms:play-services-basement:16.0.1] AndroidManifest.xml:24:13-58
124            android:value="@integer/google_play_services_version" />
124-->[com.google.android.gms:play-services-basement:16.0.1] AndroidManifest.xml:25:13-66
125
126        <activity android:name="app.akexorcist.bluetotohspp.library.DeviceList" />
126-->[com.akexorcist:bluetoothspp:1.0.0] AndroidManifest.xml:11:9-83
126-->[com.akexorcist:bluetoothspp:1.0.0] AndroidManifest.xml:11:19-80
127    </application>
128
129</manifest>